mode: set
github.com/kashalls/external-dns-unifi-webhook/pkg/webhook/mediatype.go:20.43,22.2 1 1
github.com/kashalls/external-dns-unifi-webhook/pkg/webhook/mediatype.go:24.48,26.2 1 1
github.com/kashalls/external-dns-unifi-webhook/pkg/webhook/mediatype.go:28.68,29.63 1 1
github.com/kashalls/external-dns-unifi-webhook/pkg/webhook/mediatype.go:29.63,30.36 1 1
github.com/kashalls/external-dns-unifi-webhook/pkg/webhook/mediatype.go:30.36,32.4 1 1
github.com/kashalls/external-dns-unifi-webhook/pkg/webhook/mediatype.go:35.2,36.63 2 1
github.com/kashalls/external-dns-unifi-webhook/pkg/webhook/mediatype.go:36.63,38.40 2 1
github.com/kashalls/external-dns-unifi-webhook/pkg/webhook/mediatype.go:38.40,40.4 1 0
github.com/kashalls/external-dns-unifi-webhook/pkg/webhook/mediatype.go:41.3,41.65 1 1
github.com/kashalls/external-dns-unifi-webhook/pkg/webhook/mediatype.go:43.2,43.134 1 1
github.com/kashalls/external-dns-unifi-webhook/pkg/webhook/webhook.go:32.47,35.2 2 0
github.com/kashalls/external-dns-unifi-webhook/pkg/webhook/webhook.go:37.88,39.2 1 0
github.com/kashalls/external-dns-unifi-webhook/pkg/webhook/webhook.go:41.83,43.2 1 0
github.com/kashalls/external-dns-unifi-webhook/pkg/webhook/webhook.go:45.97,49.19 4 0
github.com/kashalls/external-dns-unifi-webhook/pkg/webhook/webhook.go:49.19,52.3 2 0
github.com/kashalls/external-dns-unifi-webhook/pkg/webhook/webhook.go:52.8,55.3 2 0
github.com/kashalls/external-dns-unifi-webhook/pkg/webhook/webhook.go:57.2,57.22 1 0
github.com/kashalls/external-dns-unifi-webhook/pkg/webhook/webhook.go:57.22,63.20 5 0
github.com/kashalls/external-dns-unifi-webhook/pkg/webhook/webhook.go:63.20,65.4 1 0
github.com/kashalls/external-dns-unifi-webhook/pkg/webhook/webhook.go:65.9,67.4 1 0
github.com/kashalls/external-dns-unifi-webhook/pkg/webhook/webhook.go:68.3,71.22 3 0
github.com/kashalls/external-dns-unifi-webhook/pkg/webhook/webhook.go:71.22,73.4 1 0
github.com/kashalls/external-dns-unifi-webhook/pkg/webhook/webhook.go:74.3,74.13 1 0
github.com/kashalls/external-dns-unifi-webhook/pkg/webhook/webhook.go:78.2,78.67 1 0
github.com/kashalls/external-dns-unifi-webhook/pkg/webhook/webhook.go:78.67,84.20 5 0
github.com/kashalls/external-dns-unifi-webhook/pkg/webhook/webhook.go:84.20,86.4 1 0
github.com/kashalls/external-dns-unifi-webhook/pkg/webhook/webhook.go:86.9,88.4 1 0
github.com/kashalls/external-dns-unifi-webhook/pkg/webhook/webhook.go:90.3,92.22 3 0
github.com/kashalls/external-dns-unifi-webhook/pkg/webhook/webhook.go:92.22,94.4 1 0
github.com/kashalls/external-dns-unifi-webhook/pkg/webhook/webhook.go:95.3,95.13 1 0
github.com/kashalls/external-dns-unifi-webhook/pkg/webhook/webhook.go:98.2,98.12 1 0
github.com/kashalls/external-dns-unifi-webhook/pkg/webhook/webhook.go:102.67,103.50 1 0
github.com/kashalls/external-dns-unifi-webhook/pkg/webhook/webhook.go:103.50,106.3 2 0
github.com/kashalls/external-dns-unifi-webhook/pkg/webhook/webhook.go:108.2,110.16 3 0
github.com/kashalls/external-dns-unifi-webhook/pkg/webhook/webhook.go:110.16,114.3 3 0
github.com/kashalls/external-dns-unifi-webhook/pkg/webhook/webhook.go:116.2,119.16 4 0
github.com/kashalls/external-dns-unifi-webhook/pkg/webhook/webhook.go:119.16,123.3 3 0
github.com/kashalls/external-dns-unifi-webhook/pkg/webhook/webhook.go:127.72,129.55 2 0
github.com/kashalls/external-dns-unifi-webhook/pkg/webhook/webhook.go:129.55,132.3 2 0
github.com/kashalls/external-dns-unifi-webhook/pkg/webhook/webhook.go:134.2,136.65 3 0
github.com/kashalls/external-dns-unifi-webhook/pkg/webhook/webhook.go:136.65,142.64 5 0
github.com/kashalls/external-dns-unifi-webhook/pkg/webhook/webhook.go:142.64,144.4 1 0
github.com/kashalls/external-dns-unifi-webhook/pkg/webhook/webhook.go:145.3,146.9 2 0
github.com/kashalls/external-dns-unifi-webhook/pkg/webhook/webhook.go:149.2,155.63 2 0
github.com/kashalls/external-dns-unifi-webhook/pkg/webhook/webhook.go:155.63,160.3 4 0
github.com/kashalls/external-dns-unifi-webhook/pkg/webhook/webhook.go:161.2,161.37 1 0
github.com/kashalls/external-dns-unifi-webhook/pkg/webhook/webhook.go:165.75,169.55 3 0
github.com/kashalls/external-dns-unifi-webhook/pkg/webhook/webhook.go:169.55,172.3 2 0
github.com/kashalls/external-dns-unifi-webhook/pkg/webhook/webhook.go:173.2,173.50 1 0
github.com/kashalls/external-dns-unifi-webhook/pkg/webhook/webhook.go:173.50,176.3 2 0
github.com/kashalls/external-dns-unifi-webhook/pkg/webhook/webhook.go:178.2,179.61 2 0
github.com/kashalls/external-dns-unifi-webhook/pkg/webhook/webhook.go:179.61,186.68 6 0
github.com/kashalls/external-dns-unifi-webhook/pkg/webhook/webhook.go:186.68,188.4 1 0
github.com/kashalls/external-dns-unifi-webhook/pkg/webhook/webhook.go:189.3,189.9 1 0
github.com/kashalls/external-dns-unifi-webhook/pkg/webhook/webhook.go:192.2,193.16 2 0
github.com/kashalls/external-dns-unifi-webhook/pkg/webhook/webhook.go:193.16,197.3 3 0
github.com/kashalls/external-dns-unifi-webhook/pkg/webhook/webhook.go:198.2,199.16 2 0
github.com/kashalls/external-dns-unifi-webhook/pkg/webhook/webhook.go:199.16,204.3 4 0
github.com/kashalls/external-dns-unifi-webhook/pkg/webhook/webhook.go:206.2,208.68 3 0
github.com/kashalls/external-dns-unifi-webhook/pkg/webhook/webhook.go:208.68,210.3 1 0
github.com/kashalls/external-dns-unifi-webhook/pkg/webhook/webhook.go:213.69,217.50 3 0
github.com/kashalls/external-dns-unifi-webhook/pkg/webhook/webhook.go:217.50,220.3 2 0
github.com/kashalls/external-dns-unifi-webhook/pkg/webhook/webhook.go:222.2,223.16 2 0
github.com/kashalls/external-dns-unifi-webhook/pkg/webhook/webhook.go:223.16,227.3 3 0
github.com/kashalls/external-dns-unifi-webhook/pkg/webhook/webhook.go:229.2,230.52 2 0
github.com/kashalls/external-dns-unifi-webhook/pkg/webhook/webhook.go:230.52,234.3 3 0
github.com/kashalls/external-dns-unifi-webhook/pkg/webhook/webhook.go:237.46,239.2 1 0
github.com/kashalls/external-dns-unifi-webhook/internal/unifi/client.go:44.58,46.16 2 0
github.com/kashalls/external-dns-unifi-webhook/internal/unifi/client.go:46.16,48.3 1 0
github.com/kashalls/external-dns-unifi-webhook/internal/unifi/client.go:51.2,65.38 2 0
github.com/kashalls/external-dns-unifi-webhook/internal/unifi/client.go:65.38,68.3 2 0
github.com/kashalls/external-dns-unifi-webhook/internal/unifi/client.go:70.2,70.32 1 0
github.com/kashalls/external-dns-unifi-webhook/internal/unifi/client.go:70.32,72.3 1 0
github.com/kashalls/external-dns-unifi-webhook/internal/unifi/client.go:74.2,76.39 2 0
github.com/kashalls/external-dns-unifi-webhook/internal/unifi/client.go:76.39,78.3 1 0
github.com/kashalls/external-dns-unifi-webhook/internal/unifi/client.go:80.2,80.20 1 0
github.com/kashalls/external-dns-unifi-webhook/internal/unifi/client.go:84.36,91.16 3 0
github.com/kashalls/external-dns-unifi-webhook/internal/unifi/client.go:91.16,93.3 1 0
github.com/kashalls/external-dns-unifi-webhook/internal/unifi/client.go:96.2,101.16 2 0
github.com/kashalls/external-dns-unifi-webhook/internal/unifi/client.go:101.16,105.3 3 0
github.com/kashalls/external-dns-unifi-webhook/internal/unifi/client.go:107.2,107.15 1 0
github.com/kashalls/external-dns-unifi-webhook/internal/unifi/client.go:107.15,109.3 1 0
github.com/kashalls/external-dns-unifi-webhook/internal/unifi/client.go:112.2,112.38 1 0
github.com/kashalls/external-dns-unifi-webhook/internal/unifi/client.go:112.38,117.21 5 0
github.com/kashalls/external-dns-unifi-webhook/internal/unifi/client.go:117.21,119.4 1 0
github.com/kashalls/external-dns-unifi-webhook/internal/unifi/client.go:120.3,121.66 2 0
github.com/kashalls/external-dns-unifi-webhook/internal/unifi/client.go:124.2,128.57 3 0
github.com/kashalls/external-dns-unifi-webhook/internal/unifi/client.go:128.57,131.3 2 0
github.com/kashalls/external-dns-unifi-webhook/internal/unifi/client.go:132.2,132.12 1 0
github.com/kashalls/external-dns-unifi-webhook/internal/unifi/client.go:135.93,137.16 2 1
github.com/kashalls/external-dns-unifi-webhook/internal/unifi/client.go:137.16,139.3 1 0
github.com/kashalls/external-dns-unifi-webhook/internal/unifi/client.go:141.2,144.16 3 1
github.com/kashalls/external-dns-unifi-webhook/internal/unifi/client.go:144.16,146.3 1 0
github.com/kashalls/external-dns-unifi-webhook/internal/unifi/client.go:149.2,149.27 1 1
github.com/kashalls/external-dns-unifi-webhook/internal/unifi/client.go:149.27,151.58 2 0
github.com/kashalls/external-dns-unifi-webhook/internal/unifi/client.go:151.58,152.22 1 0
github.com/kashalls/external-dns-unifi-webhook/internal/unifi/client.go:152.22,154.5 1 0
github.com/kashalls/external-dns-unifi-webhook/internal/unifi/client.go:155.4,155.17 1 0
github.com/kashalls/external-dns-unifi-webhook/internal/unifi/client.go:158.3,158.49 1 0
github.com/kashalls/external-dns-unifi-webhook/internal/unifi/client.go:158.49,161.36 3 0
github.com/kashalls/external-dns-unifi-webhook/internal/unifi/client.go:161.36,164.5 2 0
github.com/kashalls/external-dns-unifi-webhook/internal/unifi/client.go:166.4,172.18 4 0
github.com/kashalls/external-dns-unifi-webhook/internal/unifi/client.go:172.18,175.5 2 0
github.com/kashalls/external-dns-unifi-webhook/internal/unifi/client.go:180.2,180.38 1 1
github.com/kashalls/external-dns-unifi-webhook/internal/unifi/client.go:180.38,182.21 2 1
github.com/kashalls/external-dns-unifi-webhook/internal/unifi/client.go:182.21,184.4 1 0
github.com/kashalls/external-dns-unifi-webhook/internal/unifi/client.go:186.3,187.57 2 1
github.com/kashalls/external-dns-unifi-webhook/internal/unifi/client.go:187.57,189.4 1 0
github.com/kashalls/external-dns-unifi-webhook/internal/unifi/client.go:191.3,191.75 1 1
github.com/kashalls/external-dns-unifi-webhook/internal/unifi/client.go:194.2,194.18 1 1
github.com/kashalls/external-dns-unifi-webhook/internal/unifi/client.go:198.58,210.16 5 1
github.com/kashalls/external-dns-unifi-webhook/internal/unifi/client.go:210.16,213.3 2 1
github.com/kashalls/external-dns-unifi-webhook/internal/unifi/client.go:214.2,214.15 1 1
github.com/kashalls/external-dns-unifi-webhook/internal/unifi/client.go:214.15,216.3 1 1
github.com/kashalls/external-dns-unifi-webhook/internal/unifi/client.go:218.2,219.16 2 1
github.com/kashalls/external-dns-unifi-webhook/internal/unifi/client.go:219.16,222.3 2 0
github.com/kashalls/external-dns-unifi-webhook/internal/unifi/client.go:224.2,225.59 2 1
github.com/kashalls/external-dns-unifi-webhook/internal/unifi/client.go:225.59,229.3 3 1
github.com/kashalls/external-dns-unifi-webhook/internal/unifi/client.go:231.2,234.33 2 1
github.com/kashalls/external-dns-unifi-webhook/internal/unifi/client.go:234.33,235.33 1 1
github.com/kashalls/external-dns-unifi-webhook/internal/unifi/client.go:235.33,236.12 1 1
github.com/kashalls/external-dns-unifi-webhook/internal/unifi/client.go:240.3,248.24 4 1
github.com/kashalls/external-dns-unifi-webhook/internal/unifi/client.go:251.2,252.21 2 1
github.com/kashalls/external-dns-unifi-webhook/internal/unifi/client.go:256.88,260.65 3 1
github.com/kashalls/external-dns-unifi-webhook/internal/unifi/client.go:260.65,264.3 3 1
github.com/kashalls/external-dns-unifi-webhook/internal/unifi/client.go:266.2,267.42 2 1
github.com/kashalls/external-dns-unifi-webhook/internal/unifi/client.go:267.42,276.35 2 1
github.com/kashalls/external-dns-unifi-webhook/internal/unifi/client.go:276.35,281.136 4 1
github.com/kashalls/external-dns-unifi-webhook/internal/unifi/client.go:281.136,286.5 4 1
github.com/kashalls/external-dns-unifi-webhook/internal/unifi/client.go:289.3,290.17 2 1
github.com/kashalls/external-dns-unifi-webhook/internal/unifi/client.go:290.17,294.4 3 0
github.com/kashalls/external-dns-unifi-webhook/internal/unifi/client.go:296.3,301.17 2 1
github.com/kashalls/external-dns-unifi-webhook/internal/unifi/client.go:301.17,305.4 3 1
github.com/kashalls/external-dns-unifi-webhook/internal/unifi/client.go:306.3,306.16 1 1
github.com/kashalls/external-dns-unifi-webhook/internal/unifi/client.go:306.16,308.4 1 1
github.com/kashalls/external-dns-unifi-webhook/internal/unifi/client.go:310.3,311.17 2 1
github.com/kashalls/external-dns-unifi-webhook/internal/unifi/client.go:311.17,315.4 3 0
github.com/kashalls/external-dns-unifi-webhook/internal/unifi/client.go:317.3,318.66 2 1
github.com/kashalls/external-dns-unifi-webhook/internal/unifi/client.go:318.66,322.4 3 0
github.com/kashalls/external-dns-unifi-webhook/internal/unifi/client.go:324.3,325.158 2 1
github.com/kashalls/external-dns-unifi-webhook/internal/unifi/client.go:328.2,330.28 3 1
github.com/kashalls/external-dns-unifi-webhook/internal/unifi/client.go:334.72,339.16 4 1
github.com/kashalls/external-dns-unifi-webhook/internal/unifi/client.go:339.16,343.3 3 0
github.com/kashalls/external-dns-unifi-webhook/internal/unifi/client.go:345.2,346.33 2 1
github.com/kashalls/external-dns-unifi-webhook/internal/unifi/client.go:346.33,347.81 1 1
github.com/kashalls/external-dns-unifi-webhook/internal/unifi/client.go:347.81,355.18 3 1
github.com/kashalls/external-dns-unifi-webhook/internal/unifi/client.go:355.18,357.5 1 1
github.com/kashalls/external-dns-unifi-webhook/internal/unifi/client.go:357.10,360.5 2 1
github.com/kashalls/external-dns-unifi-webhook/internal/unifi/client.go:364.2,365.27 2 1
github.com/kashalls/external-dns-unifi-webhook/internal/unifi/client.go:365.27,367.42 2 1
github.com/kashalls/external-dns-unifi-webhook/internal/unifi/client.go:367.42,369.4 1 1
github.com/kashalls/external-dns-unifi-webhook/internal/unifi/client.go:370.3,371.13 2 1
github.com/kashalls/external-dns-unifi-webhook/internal/unifi/client.go:373.2,374.12 2 1
github.com/kashalls/external-dns-unifi-webhook/internal/unifi/client.go:378.52,379.27 1 1
github.com/kashalls/external-dns-unifi-webhook/internal/unifi/client.go:379.27,381.3 1 1
github.com/kashalls/external-dns-unifi-webhook/internal/unifi/client.go:381.8,383.3 1 1
github.com/kashalls/external-dns-unifi-webhook/internal/unifi/client.go:385.2,386.67 2 1
github.com/kashalls/external-dns-unifi-webhook/internal/unifi/errors.go:19.36,20.18 1 1
github.com/kashalls/external-dns-unifi-webhook/internal/unifi/errors.go:20.18,22.3 1 1
github.com/kashalls/external-dns-unifi-webhook/internal/unifi/errors.go:23.2,23.105 1 1
github.com/kashalls/external-dns-unifi-webhook/internal/unifi/errors.go:26.36,28.2 1 1
github.com/kashalls/external-dns-unifi-webhook/internal/unifi/errors.go:37.39,39.2 1 1
github.com/kashalls/external-dns-unifi-webhook/internal/unifi/errors.go:41.39,43.2 1 1
github.com/kashalls/external-dns-unifi-webhook/internal/unifi/errors.go:53.35,55.2 1 1
github.com/kashalls/external-dns-unifi-webhook/internal/unifi/errors.go:64.36,66.2 1 1
github.com/kashalls/external-dns-unifi-webhook/internal/unifi/errors.go:68.36,70.2 1 1
github.com/kashalls/external-dns-unifi-webhook/internal/unifi/errors.go:75.82,82.2 1 1
github.com/kashalls/external-dns-unifi-webhook/internal/unifi/errors.go:85.62,91.2 1 1
github.com/kashalls/external-dns-unifi-webhook/internal/unifi/errors.go:94.79,101.2 1 1
github.com/kashalls/external-dns-unifi-webhook/internal/unifi/errors.go:104.64,110.2 1 1
github.com/kashalls/external-dns-unifi-webhook/internal/unifi/errors.go:115.34,118.2 2 1
github.com/kashalls/external-dns-unifi-webhook/internal/unifi/errors.go:121.37,124.2 2 1
github.com/kashalls/external-dns-unifi-webhook/internal/unifi/errors.go:127.33,130.2 2 1
github.com/kashalls/external-dns-unifi-webhook/internal/unifi/errors.go:133.34,136.2 2 1
github.com/kashalls/external-dns-unifi-webhook/internal/unifi/provider.go:24.102,27.16 2 0
github.com/kashalls/external-dns-unifi-webhook/internal/unifi/provider.go:27.16,29.3 1 0
github.com/kashalls/external-dns-unifi-webhook/internal/unifi/provider.go:31.2,36.15 2 0
github.com/kashalls/external-dns-unifi-webhook/internal/unifi/provider.go:40.84,44.16 3 0
github.com/kashalls/external-dns-unifi-webhook/internal/unifi/provider.go:44.16,46.3 1 0
github.com/kashalls/external-dns-unifi-webhook/internal/unifi/provider.go:49.2,50.28 2 0
github.com/kashalls/external-dns-unifi-webhook/internal/unifi/provider.go:50.28,51.49 1 0
github.com/kashalls/external-dns-unifi-webhook/internal/unifi/provider.go:51.49,53.4 1 0
github.com/kashalls/external-dns-unifi-webhook/internal/unifi/provider.go:57.2,57.47 1 0
github.com/kashalls/external-dns-unifi-webhook/internal/unifi/provider.go:57.47,59.3 1 0
github.com/kashalls/external-dns-unifi-webhook/internal/unifi/provider.go:61.2,62.28 2 0
github.com/kashalls/external-dns-unifi-webhook/internal/unifi/provider.go:62.28,63.49 1 0
github.com/kashalls/external-dns-unifi-webhook/internal/unifi/provider.go:63.49,66.4 2 0
github.com/kashalls/external-dns-unifi-webhook/internal/unifi/provider.go:69.2,70.33 2 0
github.com/kashalls/external-dns-unifi-webhook/internal/unifi/provider.go:70.33,71.24 1 0
github.com/kashalls/external-dns-unifi-webhook/internal/unifi/provider.go:71.24,72.12 1 0
github.com/kashalls/external-dns-unifi-webhook/internal/unifi/provider.go:75.3,76.34 2 0
github.com/kashalls/external-dns-unifi-webhook/internal/unifi/provider.go:76.34,78.4 1 0
github.com/kashalls/external-dns-unifi-webhook/internal/unifi/provider.go:80.3,82.16 1 0
github.com/kashalls/external-dns-unifi-webhook/internal/unifi/provider.go:82.16,84.4 1 0
github.com/kashalls/external-dns-unifi-webhook/internal/unifi/provider.go:87.2,87.23 1 0
github.com/kashalls/external-dns-unifi-webhook/internal/unifi/provider.go:91.88,95.16 3 0
github.com/kashalls/external-dns-unifi-webhook/internal/unifi/provider.go:95.16,98.3 2 0
github.com/kashalls/external-dns-unifi-webhook/internal/unifi/provider.go:101.2,106.72 4 0
github.com/kashalls/external-dns-unifi-webhook/internal/unifi/provider.go:106.72,107.59 1 0
github.com/kashalls/external-dns-unifi-webhook/internal/unifi/provider.go:107.59,110.4 2 0
github.com/kashalls/external-dns-unifi-webhook/internal/unifi/provider.go:111.3,111.48 1 0
github.com/kashalls/external-dns-unifi-webhook/internal/unifi/provider.go:115.2,115.72 1 0
github.com/kashalls/external-dns-unifi-webhook/internal/unifi/provider.go:115.72,118.37 2 0
github.com/kashalls/external-dns-unifi-webhook/internal/unifi/provider.go:118.37,119.43 1 0
github.com/kashalls/external-dns-unifi-webhook/internal/unifi/provider.go:119.43,120.37 1 0
github.com/kashalls/external-dns-unifi-webhook/internal/unifi/provider.go:120.37,121.14 1 0
github.com/kashalls/external-dns-unifi-webhook/internal/unifi/provider.go:124.5,124.43 1 0
github.com/kashalls/external-dns-unifi-webhook/internal/unifi/provider.go:124.43,125.14 1 0
github.com/kashalls/external-dns-unifi-webhook/internal/unifi/provider.go:128.5,129.59 2 0
github.com/kashalls/external-dns-unifi-webhook/internal/unifi/provider.go:129.59,132.6 2 0
github.com/kashalls/external-dns-unifi-webhook/internal/unifi/provider.go:135.3,135.62 1 0
github.com/kashalls/external-dns-unifi-webhook/internal/unifi/provider.go:135.62,138.4 2 0
github.com/kashalls/external-dns-unifi-webhook/internal/unifi/provider.go:139.3,139.49 1 0
github.com/kashalls/external-dns-unifi-webhook/internal/unifi/provider.go:142.2,142.12 1 0
github.com/kashalls/external-dns-unifi-webhook/internal/unifi/provider.go:146.74,148.2 1 0
github.com/kashalls/external-dns-unifi-webhook/internal/unifi/utils.go:8.54,10.31 2 1
github.com/kashalls/external-dns-unifi-webhook/internal/unifi/utils.go:10.31,11.18 1 1
github.com/kashalls/external-dns-unifi-webhook/internal/unifi/utils.go:11.18,13.4 1 1
github.com/kashalls/external-dns-unifi-webhook/internal/unifi/utils.go:15.2,15.35 1 1
